Modeled Variograms (VarModel Version 1.1.1)
7
Variogram Index
Lag Distance
Number of Pairs
Variogram Value
Variogram Number
Calculation Azimuth
Calculation Dip
     1          0.100000         1          0.015940     1          0.000000          0.000000
     1          0.200000         1          0.021880     1          0.000000          0.000000
     1          0.300000         1          0.027819     1          0.000000          0.000000
     1          0.400000         1          0.033758     1          0.000000          0.000000
     1          0.500000         1          0.039696     1          0.000000          0.000000
     1          0.600000         1          0.045633     1          0.000000          0.000000
     1          0.700000         1          0.051569     1          0.000000          0.000000
     1          0.800000         1          0.057504     1          0.000000          0.000000
     1          0.900000         1          0.063437     1          0.000000          0.000000
     1          1.000000         1          0.069368     1          0.000000          0.000000
     1          1.100000         1          0.075298     1          0.000000          0.000000
     1          1.200000         1          0.081225     1          0.000000          0.000000
     1          1.300000         1          0.087150     1          0.000000          0.000000
     1          1.400000         1          0.093073     1          0.000000          0.000000
     1          1.500000         1          0.098993     1          0.000000          0.000000
     1          1.600000         1          0.104910     1          0.000000          0.000000
     1          1.700000         1          0.110824     1          0.000000          0.000000
     1          1.800000         1          0.116735     1          0.000000          0.000000
     1          1.900000         1          0.122643     1          0.000000          0.000000
     1          2.000000         1          0.128547     1          0.000000          0.000000
     1          2.100000         1          0.134447     1          0.000000          0.000000
     1          2.200000         1          0.140343     1          0.000000          0.000000
     1          2.300000         1          0.146235     1          0.000000          0.000000
     1          2.400000         1          0.152122     1          0.000000          0.000000
     1          2.500000         1          0.158005     1          0.000000          0.000000
     1          2.600000         1          0.163883     1          0.000000          0.000000
     1          2.700000         1          0.169756     1          0.000000          0.000000
     1          2.800000         1          0.175625     1          0.000000          0.000000
     1          2.900000         1          0.181487     1          0.000000          0.000000
     1          3.000000         1          0.187345     1          0.000000          0.000000
     1          3.100000         1          0.193196     1          0.000000          0.000000
     1          3.200000         1          0.199042     1          0.000000          0.000000
     1          3.300000         1          0.204881     1          0.000000          0.000000
     1          3.400000         1          0.210715     1          0.000000          0.000000
     1          3.500000         1          0.216542     1          0.000000          0.000000
     1          3.600000         1          0.222362     1          0.000000          0.000000
     1          3.700000         1          0.228175     1          0.000000          0.000000
     1          3.800000         1          0.233982     1          0.000000          0.000000
     1          3.900000         1          0.239781     1          0.000000          0.000000
     1          4.000000         1          0.245572     1          0.000000          0.000000
     1          4.100000         1          0.251357     1          0.000000          0.000000
     1          4.200000         1          0.257133     1          0.000000          0.000000
     1          4.300000         1          0.262901     1          0.000000          0.000000
     1          4.400000         1          0.268661     1          0.000000          0.000000
     1          4.500000         1          0.274413     1          0.000000          0.000000
     1          4.600000         1          0.280156     1          0.000000          0.000000
     1          4.700000         1          0.285891     1          0.000000          0.000000
     1          4.800000         1          0.291616     1          0.000000          0.000000
     1          4.900000         1          0.297333     1          0.000000          0.000000
     1          5.000000         1          0.303040     1          0.000000          0.000000
     1          5.100000         1          0.308738     1          0.000000          0.000000
     1          5.200000         1          0.314426     1          0.000000          0.000000
     1          5.300000         1          0.320104     1          0.000000          0.000000
     1          5.400000         1          0.325772     1          0.000000          0.000000
     1          5.500000         1          0.331429     1          0.000000          0.000000
     1          5.600000         1          0.337076     1          0.000000          0.000000
     1          5.700000         1          0.342713     1          0.000000          0.000000
     1          5.800000         1          0.348339     1          0.000000          0.000000
     1          5.900000         1          0.353954     1          0.000000          0.000000
     1          6.000000         1          0.359557     1          0.000000          0.000000
     1          6.100000         1          0.365149     1          0.000000          0.000000
     1          6.200000         1          0.370730     1          0.000000          0.000000
     1          6.300000         1          0.376299     1          0.000000          0.000000
     1          6.400000         1          0.381855     1          0.000000          0.000000
     1          6.500000         1          0.387400     1          0.000000          0.000000
     1          6.600000         1          0.392932     1          0.000000          0.000000
     1          6.700000         1          0.398452     1          0.000000          0.000000
     1          6.800000         1          0.403959     1          0.000000          0.000000
     1          6.900000         1          0.409453     1          0.000000          0.000000
     1          7.000000         1          0.414934     1          0.000000          0.000000
     1          7.100000         1          0.420401     1          0.000000          0.000000
     1          7.200000         1          0.425855     1          0.000000          0.000000
     1          7.300000         1          0.431296     1          0.000000          0.000000
     1          7.400000         1          0.436723     1          0.000000          0.000000
     1          7.500000         1          0.442135     1          0.000000          0.000000
     1          7.600000         1          0.447533     1          0.000000          0.000000
     1          7.700000         1          0.452917     1          0.000000          0.000000
     1          7.800000         1          0.458286     1          0.000000          0.000000
     1          7.900000         1          0.463641     1          0.000000          0.000000
     1          8.000000         1          0.468980     1          0.000000          0.000000
     1          8.100000         1          0.474304     1          0.000000          0.000000
     1          8.200000         1          0.479613     1          0.000000          0.000000
     1          8.300000         1          0.484906     1          0.000000          0.000000
     1          8.400000         1          0.490183     1          0.000000          0.000000
     1          8.500000         1          0.495444     1          0.000000          0.000000
     1          8.600000         1          0.500690     1          0.000000          0.000000
     1          8.700000         1          0.505919     1          0.000000          0.000000
     1          8.800000         1          0.511131     1          0.000000          0.000000
     1          8.900000         1          0.516327     1          0.000000          0.000000
     1          9.000000         1          0.521505     1          0.000000          0.000000
     1          9.100000         1          0.526667     1          0.000000          0.000000
     1          9.200000         1          0.531811     1          0.000000          0.000000
     1          9.300000         1          0.536938     1          0.000000          0.000000
     1          9.400000         1          0.542047     1          0.000000          0.000000
     1          9.500000         1          0.547138     1          0.000000          0.000000
     1          9.600000         1          0.552212     1          0.000000          0.000000
     1          9.700000         1          0.557266     1          0.000000          0.000000
     1          9.800000         1          0.562303     1          0.000000          0.000000
     1          9.900000         1          0.567321     1          0.000000          0.000000
     1         10.000000         1          0.572320     1          0.000000          0.000000
     1         10.100000         1          0.577300     1          0.000000          0.000000
     1         10.200000         1          0.582261     1          0.000000          0.000000
     1         10.300000         1          0.587202     1          0.000000          0.000000
     1         10.400000         1          0.592124     1          0.000000          0.000000
     1         10.500000         1          0.597026     1          0.000000          0.000000
     1         10.600000         1          0.601909     1          0.000000          0.000000
     1         10.700000         1          0.606771     1          0.000000          0.000000
     1         10.800000         1          0.611612     1          0.000000          0.000000
     1         10.900000         1          0.616434     1          0.000000          0.000000
     1         11.000000         1          0.621234     1          0.000000          0.000000
     1         11.100000         1          0.626013     1          0.000000          0.000000
     1         11.200000         1          0.630772     1          0.000000          0.000000
     1         11.300000         1          0.635509     1          0.000000          0.000000
     1         11.400000         1          0.640225     1          0.000000          0.000000
     1         11.500000         1          0.644919     1          0.000000          0.000000
     1         11.600000         1          0.649591     1          0.000000          0.000000
     1         11.700000         1          0.654241     1          0.000000          0.000000
     1         11.800000         1          0.658869     1          0.000000          0.000000
     1         11.900000         1          0.663474     1          0.000000          0.000000
     1         12.000000         1          0.668057     1          0.000000          0.000000
     1         12.100000         1          0.672617     1          0.000000          0.000000
     1         12.200000         1          0.677154     1          0.000000          0.000000
     1         12.300000         1          0.681668     1          0.000000          0.000000
     1         12.400000         1          0.686158     1          0.000000          0.000000
     1         12.500000         1          0.690625     1          0.000000          0.000000
     1         12.600000         1          0.695068     1          0.000000          0.000000
     1         12.700000         1          0.699487     1          0.000000          0.000000
     1         12.800000         1          0.703882     1          0.000000          0.000000
     1         12.900000         1          0.708253     1          0.000000          0.000000
     1         13.000000         1          0.712599     1          0.000000          0.000000
     1         13.100000         1          0.716920     1          0.000000          0.000000
     1         13.200000         1          0.721217     1          0.000000          0.000000
     1         13.300000         1          0.725488     1          0.000000          0.000000
     1         13.400000         1          0.729735     1          0.000000          0.000000
     1         13.500000         1          0.733955     1          0.000000          0.000000
     1         13.600000         1          0.738150     1          0.000000          0.000000
     1         13.700000         1          0.742320     1          0.000000          0.000000
     1         13.800000         1          0.746463     1          0.000000          0.000000
     1         13.900000         1          0.750580     1          0.000000          0.000000
     1         14.000000         1          0.754670     1          0.000000          0.000000
     1         14.100000         1          0.758734     1          0.000000          0.000000
     1         14.200000         1          0.762771     1          0.000000          0.000000
     1         14.300000         1          0.766781     1          0.000000          0.000000
     1         14.400000         1          0.770764     1          0.000000          0.000000
     1         14.500000         1          0.774719     1          0.000000          0.000000
     1         14.600000         1          0.778648     1          0.000000          0.000000
     1         14.700000         1          0.782548     1          0.000000          0.000000
     1         14.800000         1          0.786420     1          0.000000          0.000000
     1         14.900000         1          0.790264     1          0.000000          0.000000
     1         15.000000         1          0.794080     1          0.000000          0.000000
     1         15.100000         1          0.797867     1          0.000000          0.000000
     1         15.200000         1          0.801626     1          0.000000          0.000000
     1         15.300000         1          0.805356     1          0.000000          0.000000
     1         15.400000         1          0.809056     1          0.000000          0.000000
     1         15.500000         1          0.812728     1          0.000000          0.000000
     1         15.600000         1          0.816370     1          0.000000          0.000000
     1         15.700000         1          0.819982     1          0.000000          0.000000
     1         15.800000         1          0.823564     1          0.000000          0.000000
     1         15.900000         1          0.827117     1          0.000000          0.000000
     1         16.000000         1          0.830639     1          0.000000          0.000000
     1         16.100000         1          0.834130     1          0.000000          0.000000
     1         16.200000         1          0.837592     1          0.000000          0.000000
     1         16.300000         1          0.841022     1          0.000000          0.000000
     1         16.400000         1          0.844421     1          0.000000          0.000000
     1         16.500000         1          0.847790     1          0.000000          0.000000
     1         16.600000         1          0.851126     1          0.000000          0.000000
     1         16.700000         1          0.854432     1          0.000000          0.000000
     1         16.800000         1          0.857705     1          0.000000          0.000000
     1         16.900000         1          0.860947     1          0.000000          0.000000
     1         17.000000         1          0.864156     1          0.000000          0.000000
     1         17.100000         1          0.867333     1          0.000000          0.000000
     1         17.200000         1          0.870478     1          0.000000          0.000000
     1         17.300000         1          0.873590     1          0.000000          0.000000
     1         17.400000         1          0.876669     1          0.000000          0.000000
     1         17.500000         1          0.879715     1          0.000000          0.000000
     1         17.600000         1          0.882728     1          0.000000          0.000000
     1         17.700000         1          0.885707     1          0.000000          0.000000
     1         17.800000         1          0.888653     1          0.000000          0.000000
     1         17.900000         1          0.891564     1          0.000000          0.000000
     1         18.000000         1          0.894442     1          0.000000          0.000000
     1         18.100000         1          0.897286     1          0.000000          0.000000
     1         18.200000         1          0.900095     1          0.000000          0.000000
     1         18.300000         1          0.902869     1          0.000000          0.000000
     1         18.400000         1          0.905609     1          0.000000          0.000000
     1         18.500000         1          0.908314     1          0.000000          0.000000
     1         18.600000         1          0.910984     1          0.000000          0.000000
     1         18.700000         1          0.913618     1          0.000000          0.000000
     1         18.800000         1          0.916217     1          0.000000          0.000000
     1         18.900000         1          0.918780     1          0.000000          0.000000
     1         19.000000         1          0.921307     1          0.000000          0.000000
     1         19.100000         1          0.923798     1          0.000000          0.000000
     1         19.200000         1          0.926253     1          0.000000          0.000000
     1         19.300000         1          0.928671     1          0.000000          0.000000
     1         19.400000         1          0.931052     1          0.000000          0.000000
     1         19.500000         1          0.933397     1          0.000000          0.000000
     1         19.600000         1          0.935704     1          0.000000          0.000000
     1         19.700000         1          0.937975     1          0.000000          0.000000
     1         19.800000         1          0.940207     1          0.000000          0.000000
     1         19.900000         1          0.942403     1          0.000000          0.000000
     1         20.000000         1          0.944560     1          0.000000          0.000000
     1         20.100000         1          0.946679     1          0.000000          0.000000
     1         20.200000         1          0.948761     1          0.000000          0.000000
     1         20.300000         1          0.950803     1          0.000000          0.000000
     1         20.400000         1          0.952807     1          0.000000          0.000000
     1         20.500000         1          0.954773     1          0.000000          0.000000
     1         20.600000         1          0.956699     1          0.000000          0.000000
     1         20.700000         1          0.958587     1          0.000000          0.000000
     1         20.800000         1          0.960434     1          0.000000          0.000000
     1         20.900000         1          0.962243     1          0.000000          0.000000
     1         21.000000         1          0.964011     1          0.000000          0.000000
     1         21.100000         1          0.965740     1          0.000000          0.000000
     1         21.200000         1          0.967429     1          0.000000          0.000000
     1         21.300000         1          0.969077     1          0.000000          0.000000
     1         21.400000         1          0.970685     1          0.000000          0.000000
     1         21.500000         1          0.972252     1          0.000000          0.000000
     1         21.600000         1          0.973779     1          0.000000          0.000000
     1         21.700000         1          0.975264     1          0.000000          0.000000
     1         21.800000         1          0.976708     1          0.000000          0.000000
     1         21.900000         1          0.978110     1          0.000000          0.000000
     1         22.000000         1          0.979471     1          0.000000          0.000000
     1         22.100000         1          0.980790     1          0.000000          0.000000
     1         22.200000         1          0.982068     1          0.000000          0.000000
     1         22.300000         1          0.983303     1          0.000000          0.000000
     1         22.400000         1          0.984495     1          0.000000          0.000000
     1         22.500000         1          0.985645     1          0.000000          0.000000
     1         22.600000         1          0.986752     1          0.000000          0.000000
     1         22.700000         1          0.987816     1          0.000000          0.000000
     1         22.800000         1          0.988837     1          0.000000          0.000000
     1         22.900000         1          0.989815     1          0.000000          0.000000
     1         23.000000         1          0.990749     1          0.000000          0.000000
     1         23.100000         1          0.991640     1          0.000000          0.000000
     1         23.200000         1          0.992486     1          0.000000          0.000000
     1         23.300000         1          0.993289     1          0.000000          0.000000
     1         23.400000         1          0.994047     1          0.000000          0.000000
     1         23.500000         1          0.994761     1          0.000000          0.000000
     1         23.600000         1          0.995430     1          0.000000          0.000000
     1         23.700000         1          0.996054     1          0.000000          0.000000
     1         23.800000         1          0.996633     1          0.000000          0.000000
     1         23.900000         1          0.997167     1          0.000000          0.000000
     1         24.000000         1          0.997656     1          0.000000          0.000000
     1         24.100000         1          0.998098     1          0.000000          0.000000
     1         24.200000         1          0.998496     1          0.000000          0.000000
     1         24.300000         1          0.998847     1          0.000000          0.000000
     1         24.400000         1          0.999151     1          0.000000          0.000000
     1         24.500000         1          0.999410     1          0.000000          0.000000
     1         24.600000         1          0.999622     1          0.000000          0.000000
     1         24.700000         1          0.999787     1          0.000000          0.000000
     1         24.800000         1          0.999905     1          0.000000          0.000000
     1         24.900000         1          0.999976     1          0.000000          0.000000
     1         25.000000         1          1.000000     1          0.000000          0.000000
     1         25.100000         1          1.000000     1          0.000000          0.000000
     1         25.200000         1          1.000000     1          0.000000          0.000000
     1         25.300000         1          1.000000     1          0.000000          0.000000
     1         25.400000         1          1.000000     1          0.000000          0.000000
     1         25.500000         1          1.000000     1          0.000000          0.000000
     1         25.600000         1          1.000000     1          0.000000          0.000000
     1         25.700000         1          1.000000     1          0.000000          0.000000
     1         25.800000         1          1.000000     1          0.000000          0.000000
     1         25.900000         1          1.000000     1          0.000000          0.000000
     1         26.000000         1          1.000000     1          0.000000          0.000000
     1         26.100000         1          1.000000     1          0.000000          0.000000
     1         26.200000         1          1.000000     1          0.000000          0.000000
     1         26.300000         1          1.000000     1          0.000000          0.000000
     1         26.400000         1          1.000000     1          0.000000          0.000000
     1         26.500000         1          1.000000     1          0.000000          0.000000
     1         26.600000         1          1.000000     1          0.000000          0.000000
     1         26.700000         1          1.000000     1          0.000000          0.000000
     1         26.800000         1          1.000000     1          0.000000          0.000000
     1         26.900000         1          1.000000     1          0.000000          0.000000
     1         27.000000         1          1.000000     1          0.000000          0.000000
     1         27.100000         1          1.000000     1          0.000000          0.000000
     1         27.200000         1          1.000000     1          0.000000          0.000000
     1         27.300000         1          1.000000     1          0.000000          0.000000
     1         27.400000         1          1.000000     1          0.000000          0.000000
     1         27.500000         1          1.000000     1          0.000000          0.000000
     1         27.600000         1          1.000000     1          0.000000          0.000000
     1         27.700000         1          1.000000     1          0.000000          0.000000
     1         27.800000         1          1.000000     1          0.000000          0.000000
     1         27.900000         1          1.000000     1          0.000000          0.000000
     1         28.000000         1          1.000000     1          0.000000          0.000000
     1         28.100000         1          1.000000     1          0.000000          0.000000
     1         28.200000         1          1.000000     1          0.000000          0.000000
     1         28.300000         1          1.000000     1          0.000000          0.000000
     1         28.400000         1          1.000000     1          0.000000          0.000000
     1         28.500000         1          1.000000     1          0.000000          0.000000
     1         28.600000         1          1.000000     1          0.000000          0.000000
     1         28.700000         1          1.000000     1          0.000000          0.000000
     1         28.800000         1          1.000000     1          0.000000          0.000000
     1         28.900000         1          1.000000     1          0.000000          0.000000
     1         29.000000         1          1.000000     1          0.000000          0.000000
     1         29.100000         1          1.000000     1          0.000000          0.000000
     1         29.200000         1          1.000000     1          0.000000          0.000000
     1         29.300000         1          1.000000     1          0.000000          0.000000
     1         29.400000         1          1.000000     1          0.000000          0.000000
     1         29.500000         1          1.000000     1          0.000000          0.000000
     1         29.600000         1          1.000000     1          0.000000          0.000000
     1         29.700000         1          1.000000     1          0.000000          0.000000
     1         29.800000         1          1.000000     1          0.000000          0.000000
     1         29.900000         1          1.000000     1          0.000000          0.000000
     1         30.000000         1          1.000000     1          0.000000          0.000000
