Modeled Variograms (VarModel Version 1.1.1)
7
Variogram Index
Lag Distance
Number of Pairs
Variogram Value
Variogram Number
Calculation Azimuth
Calculation Dip
     1          0.100000         1          0.019900     1          0.000000          0.000000
     1          0.200000         1          0.029799     1          0.000000          0.000000
     1          0.300000         1          0.039696     1          0.000000          0.000000
     1          0.400000         1          0.049591     1          0.000000          0.000000
     1          0.500000         1          0.059482     1          0.000000          0.000000
     1          0.600000         1          0.069368     1          0.000000          0.000000
     1          0.700000         1          0.079250     1          0.000000          0.000000
     1          0.800000         1          0.089125     1          0.000000          0.000000
     1          0.900000         1          0.098993     1          0.000000          0.000000
     1          1.000000         1          0.108853     1          0.000000          0.000000
     1          1.100000         1          0.118705     1          0.000000          0.000000
     1          1.200000         1          0.128547     1          0.000000          0.000000
     1          1.300000         1          0.138378     1          0.000000          0.000000
     1          1.400000         1          0.148198     1          0.000000          0.000000
     1          1.500000         1          0.158005     1          0.000000          0.000000
     1          1.600000         1          0.167799     1          0.000000          0.000000
     1          1.700000         1          0.177579     1          0.000000          0.000000
     1          1.800000         1          0.187345     1          0.000000          0.000000
     1          1.900000         1          0.197094     1          0.000000          0.000000
     1          2.000000         1          0.206827     1          0.000000          0.000000
     1          2.100000         1          0.216542     1          0.000000          0.000000
     1          2.200000         1          0.226238     1          0.000000          0.000000
     1          2.300000         1          0.235915     1          0.000000          0.000000
     1          2.400000         1          0.245572     1          0.000000          0.000000
     1          2.500000         1          0.255208     1          0.000000          0.000000
     1          2.600000         1          0.264822     1          0.000000          0.000000
     1          2.700000         1          0.274413     1          0.000000          0.000000
     1          2.800000         1          0.283980     1          0.000000          0.000000
     1          2.900000         1          0.293523     1          0.000000          0.000000
     1          3.000000         1          0.303040     1          0.000000          0.000000
     1          3.100000         1          0.312531     1          0.000000          0.000000
     1          3.200000         1          0.321994     1          0.000000          0.000000
     1          3.300000         1          0.331429     1          0.000000          0.000000
     1          3.400000         1          0.340835     1          0.000000          0.000000
     1          3.500000         1          0.350212     1          0.000000          0.000000
     1          3.600000         1          0.359557     1          0.000000          0.000000
     1          3.700000         1          0.368871     1          0.000000          0.000000
     1          3.800000         1          0.378152     1          0.000000          0.000000
     1          3.900000         1          0.387400     1          0.000000          0.000000
     1          4.000000         1          0.396613     1          0.000000          0.000000
     1          4.100000         1          0.405792     1          0.000000          0.000000
     1          4.200000         1          0.414934     1          0.000000          0.000000
     1          4.300000         1          0.424039     1          0.000000          0.000000
     1          4.400000         1          0.433106     1          0.000000          0.000000
     1          4.500000         1          0.442135     1          0.000000          0.000000
     1          4.600000         1          0.451124     1          0.000000          0.000000
     1          4.700000         1          0.460073     1          0.000000          0.000000
     1          4.800000         1          0.468980     1          0.000000          0.000000
     1          4.900000         1          0.477845     1          0.000000          0.000000
     1          5.000000         1          0.486667     1          0.000000          0.000000
     1          5.100000         1          0.495444     1          0.000000          0.000000
     1          5.200000         1          0.504178     1          0.000000          0.000000
     1          5.300000         1          0.512865     1          0.000000          0.000000
     1          5.400000         1          0.521505     1          0.000000          0.000000
     1          5.500000         1          0.530098     1          0.000000          0.000000
     1          5.600000         1          0.538643     1          0.000000          0.000000
     1          5.700000         1          0.547138     1          0.000000          0.000000
     1          5.800000         1          0.555584     1          0.000000          0.000000
     1          5.900000         1          0.563978     1          0.000000          0.000000
     1          6.000000         1          0.572320     1          0.000000          0.000000
     1          6.100000         1          0.580609     1          0.000000          0.000000
     1          6.200000         1          0.588845     1          0.000000          0.000000
     1          6.300000         1          0.597026     1          0.000000          0.000000
     1          6.400000         1          0.605152     1          0.000000          0.000000
     1          6.500000         1          0.613222     1          0.000000          0.000000
     1          6.600000         1          0.621234     1          0.000000          0.000000
     1          6.700000         1          0.629188     1          0.000000          0.000000
     1          6.800000         1          0.637083     1          0.000000          0.000000
     1          6.900000         1          0.644919     1          0.000000          0.000000
     1          7.000000         1          0.652693     1          0.000000          0.000000
     1          7.100000         1          0.660406     1          0.000000          0.000000
     1          7.200000         1          0.668057     1          0.000000          0.000000
     1          7.300000         1          0.675644     1          0.000000          0.000000
     1          7.400000         1          0.683167     1          0.000000          0.000000
     1          7.500000         1          0.690625     1          0.000000          0.000000
     1          7.600000         1          0.698017     1          0.000000          0.000000
     1          7.700000         1          0.705342     1          0.000000          0.000000
     1          7.800000         1          0.712599     1          0.000000          0.000000
     1          7.900000         1          0.719788     1          0.000000          0.000000
     1          8.000000         1          0.726907     1          0.000000          0.000000
     1          8.100000         1          0.733955     1          0.000000          0.000000
     1          8.200000         1          0.740933     1          0.000000          0.000000
     1          8.300000         1          0.747838     1          0.000000          0.000000
     1          8.400000         1          0.754670     1          0.000000          0.000000
     1          8.500000         1          0.761428     1          0.000000          0.000000
     1          8.600000         1          0.768112     1          0.000000          0.000000
     1          8.700000         1          0.774719     1          0.000000          0.000000
     1          8.800000         1          0.781251     1          0.000000          0.000000
     1          8.900000         1          0.787705     1          0.000000          0.000000
     1          9.000000         1          0.794080     1          0.000000          0.000000
     1          9.100000         1          0.800376     1          0.000000          0.000000
     1          9.200000         1          0.806592     1          0.000000          0.000000
     1          9.300000         1          0.812728     1          0.000000          0.000000
     1          9.400000         1          0.818781     1          0.000000          0.000000
     1          9.500000         1          0.824752     1          0.000000          0.000000
     1          9.600000         1          0.830639     1          0.000000          0.000000
     1          9.700000         1          0.836441     1          0.000000          0.000000
     1          9.800000         1          0.842158     1          0.000000          0.000000
     1          9.900000         1          0.847789     1          0.000000          0.000000
     1         10.000000         1          0.853333     1          0.000000          0.000000
     1         10.100000         1          0.858789     1          0.000000          0.000000
     1         10.200000         1          0.864156     1          0.000000          0.000000
     1         10.300000         1          0.869433     1          0.000000          0.000000
     1         10.400000         1          0.874620     1          0.000000          0.000000
     1         10.500000         1          0.879715     1          0.000000          0.000000
     1         10.600000         1          0.884718     1          0.000000          0.000000
     1         10.700000         1          0.889627     1          0.000000          0.000000
     1         10.800000         1          0.894442     1          0.000000          0.000000
     1         10.900000         1          0.899162     1          0.000000          0.000000
     1         11.000000         1          0.903787     1          0.000000          0.000000
     1         11.100000         1          0.908314     1          0.000000          0.000000
     1         11.200000         1          0.912744     1          0.000000          0.000000
     1         11.300000         1          0.917075     1          0.000000          0.000000
     1         11.400000         1          0.921307     1          0.000000          0.000000
     1         11.500000         1          0.925438     1          0.000000          0.000000
     1         11.600000         1          0.929469     1          0.000000          0.000000
     1         11.700000         1          0.933397     1          0.000000          0.000000
     1         11.800000         1          0.937222     1          0.000000          0.000000
     1         11.900000         1          0.940943     1          0.000000          0.000000
     1         12.000000         1          0.944560     1          0.000000          0.000000
     1         12.100000         1          0.948071     1          0.000000          0.000000
     1         12.200000         1          0.951476     1          0.000000          0.000000
     1         12.300000         1          0.954773     1          0.000000          0.000000
     1         12.400000         1          0.957962     1          0.000000          0.000000
     1         12.500000         1          0.961042     1          0.000000          0.000000
     1         12.600000         1          0.964012     1          0.000000          0.000000
     1         12.700000         1          0.966870     1          0.000000          0.000000
     1         12.800000         1          0.969618     1          0.000000          0.000000
     1         12.900000         1          0.972252     1          0.000000          0.000000
     1         13.000000         1          0.974773     1          0.000000          0.000000
     1         13.100000         1          0.977180     1          0.000000          0.000000
     1         13.200000         1          0.979471     1          0.000000          0.000000
     1         13.300000         1          0.981647     1          0.000000          0.000000
     1         13.400000         1          0.983705     1          0.000000          0.000000
     1         13.500000         1          0.985645     1          0.000000          0.000000
     1         13.600000         1          0.987467     1          0.000000          0.000000
     1         13.700000         1          0.989168     1          0.000000          0.000000
     1         13.800000         1          0.990749     1          0.000000          0.000000
     1         13.900000         1          0.992209     1          0.000000          0.000000
     1         14.000000         1          0.993547     1          0.000000          0.000000
     1         14.100000         1          0.994761     1          0.000000          0.000000
     1         14.200000         1          0.995851     1          0.000000          0.000000
     1         14.300000         1          0.996816     1          0.000000          0.000000
     1         14.400000         1          0.997656     1          0.000000          0.000000
     1         14.500000         1          0.998368     1          0.000000          0.000000
     1         14.600000         1          0.998953     1          0.000000          0.000000
     1         14.700000         1          0.999410     1          0.000000          0.000000
     1         14.800000         1          0.999737     1          0.000000          0.000000
     1         14.900000         1          0.999934     1          0.000000          0.000000
     1         15.000000         1          1.000000     1          0.000000          0.000000
     1         15.100000         1          1.000000     1          0.000000          0.000000
     1         15.200000         1          1.000000     1          0.000000          0.000000
     1         15.300000         1          1.000000     1          0.000000          0.000000
     1         15.400000         1          1.000000     1          0.000000          0.000000
     1         15.500000         1          1.000000     1          0.000000          0.000000
     1         15.600000         1          1.000000     1          0.000000          0.000000
     1         15.700000         1          1.000000     1          0.000000          0.000000
     1         15.800000         1          1.000000     1          0.000000          0.000000
     1         15.900000         1          1.000000     1          0.000000          0.000000
     1         16.000000         1          1.000000     1          0.000000          0.000000
     1         16.100000         1          1.000000     1          0.000000          0.000000
     1         16.200000         1          1.000000     1          0.000000          0.000000
     1         16.300000         1          1.000000     1          0.000000          0.000000
     1         16.400000         1          1.000000     1          0.000000          0.000000
     1         16.500000         1          1.000000     1          0.000000          0.000000
     1         16.600000         1          1.000000     1          0.000000          0.000000
     1         16.700000         1          1.000000     1          0.000000          0.000000
     1         16.800000         1          1.000000     1          0.000000          0.000000
     1         16.900000         1          1.000000     1          0.000000          0.000000
     1         17.000000         1          1.000000     1          0.000000          0.000000
     1         17.100000         1          1.000000     1          0.000000          0.000000
     1         17.200000         1          1.000000     1          0.000000          0.000000
     1         17.300000         1          1.000000     1          0.000000          0.000000
     1         17.400000         1          1.000000     1          0.000000          0.000000
     1         17.500000         1          1.000000     1          0.000000          0.000000
     1         17.600000         1          1.000000     1          0.000000          0.000000
     1         17.700000         1          1.000000     1          0.000000          0.000000
     1         17.800000         1          1.000000     1          0.000000          0.000000
     1         17.900000         1          1.000000     1          0.000000          0.000000
     1         18.000000         1          1.000000     1          0.000000          0.000000
     1         18.100000         1          1.000000     1          0.000000          0.000000
     1         18.200000         1          1.000000     1          0.000000          0.000000
     1         18.300000         1          1.000000     1          0.000000          0.000000
     1         18.400000         1          1.000000     1          0.000000          0.000000
     1         18.500000         1          1.000000     1          0.000000          0.000000
     1         18.600000         1          1.000000     1          0.000000          0.000000
     1         18.700000         1          1.000000     1          0.000000          0.000000
     1         18.800000         1          1.000000     1          0.000000          0.000000
     1         18.900000         1          1.000000     1          0.000000          0.000000
     1         19.000000         1          1.000000     1          0.000000          0.000000
     1         19.100000         1          1.000000     1          0.000000          0.000000
     1         19.200000         1          1.000000     1          0.000000          0.000000
     1         19.300000         1          1.000000     1          0.000000          0.000000
     1         19.400000         1          1.000000     1          0.000000          0.000000
     1         19.500000         1          1.000000     1          0.000000          0.000000
     1         19.600000         1          1.000000     1          0.000000          0.000000
     1         19.700000         1          1.000000     1          0.000000          0.000000
     1         19.800000         1          1.000000     1          0.000000          0.000000
     1         19.900000         1          1.000000     1          0.000000          0.000000
     1         20.000000         1          1.000000     1          0.000000          0.000000
     1         20.100000         1          1.000000     1          0.000000          0.000000
     1         20.200000         1          1.000000     1          0.000000          0.000000
     1         20.300000         1          1.000000     1          0.000000          0.000000
     1         20.400000         1          1.000000     1          0.000000          0.000000
     1         20.500000         1          1.000000     1          0.000000          0.000000
     1         20.600000         1          1.000000     1          0.000000          0.000000
     1         20.700000         1          1.000000     1          0.000000          0.000000
     1         20.800000         1          1.000000     1          0.000000          0.000000
     1         20.900000         1          1.000000     1          0.000000          0.000000
     1         21.000000         1          1.000000     1          0.000000          0.000000
     1         21.100000         1          1.000000     1          0.000000          0.000000
     1         21.200000         1          1.000000     1          0.000000          0.000000
     1         21.300000         1          1.000000     1          0.000000          0.000000
     1         21.400000         1          1.000000     1          0.000000          0.000000
     1         21.500000         1          1.000000     1          0.000000          0.000000
     1         21.600000         1          1.000000     1          0.000000          0.000000
     1         21.700000         1          1.000000     1          0.000000          0.000000
     1         21.800000         1          1.000000     1          0.000000          0.000000
     1         21.900000         1          1.000000     1          0.000000          0.000000
     1         22.000000         1          1.000000     1          0.000000          0.000000
     1         22.100000         1          1.000000     1          0.000000          0.000000
     1         22.200000         1          1.000000     1          0.000000          0.000000
     1         22.300000         1          1.000000     1          0.000000          0.000000
     1         22.400000         1          1.000000     1          0.000000          0.000000
     1         22.500000         1          1.000000     1          0.000000          0.000000
     1         22.600000         1          1.000000     1          0.000000          0.000000
     1         22.700000         1          1.000000     1          0.000000          0.000000
     1         22.800000         1          1.000000     1          0.000000          0.000000
     1         22.900000         1          1.000000     1          0.000000          0.000000
     1         23.000000         1          1.000000     1          0.000000          0.000000
     1         23.100000         1          1.000000     1          0.000000          0.000000
     1         23.200000         1          1.000000     1          0.000000          0.000000
     1         23.300000         1          1.000000     1          0.000000          0.000000
     1         23.400000         1          1.000000     1          0.000000          0.000000
     1         23.500000         1          1.000000     1          0.000000          0.000000
     1         23.600000         1          1.000000     1          0.000000          0.000000
     1         23.700000         1          1.000000     1          0.000000          0.000000
     1         23.800000         1          1.000000     1          0.000000          0.000000
     1         23.900000         1          1.000000     1          0.000000          0.000000
     1         24.000000         1          1.000000     1          0.000000          0.000000
     1         24.100000         1          1.000000     1          0.000000          0.000000
     1         24.200000         1          1.000000     1          0.000000          0.000000
     1         24.300000         1          1.000000     1          0.000000          0.000000
     1         24.400000         1          1.000000     1          0.000000          0.000000
     1         24.500000         1          1.000000     1          0.000000          0.000000
     1         24.600000         1          1.000000     1          0.000000          0.000000
     1         24.700000         1          1.000000     1          0.000000          0.000000
     1         24.800000         1          1.000000     1          0.000000          0.000000
     1         24.900000         1          1.000000     1          0.000000          0.000000
     1         25.000000         1          1.000000     1          0.000000          0.000000
     1         25.100000         1          1.000000     1          0.000000          0.000000
     1         25.200000         1          1.000000     1          0.000000          0.000000
     1         25.300000         1          1.000000     1          0.000000          0.000000
     1         25.400000         1          1.000000     1          0.000000          0.000000
     1         25.500000         1          1.000000     1          0.000000          0.000000
     1         25.600000         1          1.000000     1          0.000000          0.000000
     1         25.700000         1          1.000000     1          0.000000          0.000000
     1         25.800000         1          1.000000     1          0.000000          0.000000
     1         25.900000         1          1.000000     1          0.000000          0.000000
     1         26.000000         1          1.000000     1          0.000000          0.000000
     1         26.100000         1          1.000000     1          0.000000          0.000000
     1         26.200000         1          1.000000     1          0.000000          0.000000
     1         26.300000         1          1.000000     1          0.000000          0.000000
     1         26.400000         1          1.000000     1          0.000000          0.000000
     1         26.500000         1          1.000000     1          0.000000          0.000000
     1         26.600000         1          1.000000     1          0.000000          0.000000
     1         26.700000         1          1.000000     1          0.000000          0.000000
     1         26.800000         1          1.000000     1          0.000000          0.000000
     1         26.900000         1          1.000000     1          0.000000          0.000000
     1         27.000000         1          1.000000     1          0.000000          0.000000
     1         27.100000         1          1.000000     1          0.000000          0.000000
     1         27.200000         1          1.000000     1          0.000000          0.000000
     1         27.300000         1          1.000000     1          0.000000          0.000000
     1         27.400000         1          1.000000     1          0.000000          0.000000
     1         27.500000         1          1.000000     1          0.000000          0.000000
     1         27.600000         1          1.000000     1          0.000000          0.000000
     1         27.700000         1          1.000000     1          0.000000          0.000000
     1         27.800000         1          1.000000     1          0.000000          0.000000
     1         27.900000         1          1.000000     1          0.000000          0.000000
     1         28.000000         1          1.000000     1          0.000000          0.000000
     1         28.100000         1          1.000000     1          0.000000          0.000000
     1         28.200000         1          1.000000     1          0.000000          0.000000
     1         28.300000         1          1.000000     1          0.000000          0.000000
     1         28.400000         1          1.000000     1          0.000000          0.000000
     1         28.500000         1          1.000000     1          0.000000          0.000000
     1         28.600000         1          1.000000     1          0.000000          0.000000
     1         28.700000         1          1.000000     1          0.000000          0.000000
     1         28.800000         1          1.000000     1          0.000000          0.000000
     1         28.900000         1          1.000000     1          0.000000          0.000000
     1         29.000000         1          1.000000     1          0.000000          0.000000
     1         29.100000         1          1.000000     1          0.000000          0.000000
     1         29.200000         1          1.000000     1          0.000000          0.000000
     1         29.300000         1          1.000000     1          0.000000          0.000000
     1         29.400000         1          1.000000     1          0.000000          0.000000
     1         29.500000         1          1.000000     1          0.000000          0.000000
     1         29.600000         1          1.000000     1          0.000000          0.000000
     1         29.700000         1          1.000000     1          0.000000          0.000000
     1         29.800000         1          1.000000     1          0.000000          0.000000
     1         29.900000         1          1.000000     1          0.000000          0.000000
     1         30.000000         1          1.000000     1          0.000000          0.000000
