pygeostat_saved_data                    
  5
X                                       
Y                                       
Primary                                 
Secondary                               
Declustering Weight
6.250000 6.250000 1.338100 1.671300  1.1337867    
18.750000 6.250000 -0.146300 0.038300  1.0031745    
31.250000 6.250000 -0.287700 0.789100 0.96145117    
43.750000 6.250000 -1.596500 0.240800 0.96145117    
56.250000 6.250000 -0.307000 0.023200 0.96145129    
68.750000 6.250000 0.855100 1.170200  1.0920634    
81.250000 6.250000 2.148700 1.889200  1.1337867    
93.750000 6.250000 1.553000 1.224700  1.1337867    
6.250000 18.750000 -1.219100 -1.150200  1.0031745    
18.750000 18.750000 -0.008800 0.171000 0.93786836    
31.250000 18.750000 1.150200 -0.303500 0.89614499    
43.750000 18.750000 -0.401000 -1.478500 0.83083892    
56.250000 18.750000 -0.547600 -1.062300 0.83083892    
68.750000 18.750000 -0.317000 -1.083600 0.96145117    
81.250000 18.750000 -1.888600 -0.998900  1.0031745    
93.750000 18.750000 -0.301100 0.985300  1.0031745    
6.250000 31.250000 -0.505700 -0.450200 0.96145117    
18.750000 31.250000 -0.633800 -0.549000 0.89614499    
31.250000 31.250000 0.184000 -0.597000  1.0086167    
43.750000 31.250000 -0.978300 -1.097700 0.94331056    
56.250000 31.250000 -2.224200 -2.020500 0.87800449    
68.750000 31.250000 -1.477500 -1.963700  1.0086168    
81.250000 31.250000 -1.246800 -1.490800 0.96145117    
93.750000 31.250000 0.331400 -0.234900 0.96145117    
6.250000 43.750000 0.908600 0.727300 0.96145117    
18.750000 43.750000 -0.145200 -0.765600 0.83083892    
31.250000 43.750000 -1.954900 -1.750600 0.94331056    
43.750000 43.750000 -1.427200 -1.911100  1.0086168    
56.250000 43.750000 -1.010400 -1.422900 0.94331056    
68.750000 43.750000 -0.277600 -1.153500  1.0086168    
81.250000 43.750000 -0.239000 -0.669400 0.96145117    
93.750000 43.750000 1.156300 -0.017100 0.96145117    
6.250000 56.250000 0.509000 0.296400 0.96145129    
18.750000 56.250000 -0.456300 0.005200 0.83083892    
31.250000 56.250000 -0.704800 0.153800 0.87800449    
43.750000 56.250000 -1.029200 -0.245000 0.94331056    
56.250000 56.250000 -0.969200 -0.214000  1.0086167    
68.750000 56.250000 0.326000 0.081900  1.0739229    
81.250000 56.250000 0.135100 0.009600 0.96145129    
93.750000 56.250000 -0.051500 -0.568800 0.96145129    
6.250000 68.750000 -1.790200 -0.481700  1.0920634    
18.750000 68.750000 0.897400 1.044200 0.96145117    
31.250000 68.750000 1.130800 1.194700  1.0086168    
43.750000 68.750000 0.176200 0.191300  1.0086168    
56.250000 68.750000 -0.881700 -0.430300  1.0739229    
68.750000 68.750000 -0.080100 -0.076400  1.2045350    
81.250000 68.750000 -0.994900 -0.242900  1.0920634    
93.750000 68.750000 -2.082100 -1.782000  1.0920634    
6.250000 81.250000 -2.623800 -0.643200  1.1337867    
18.750000 81.250000 -0.946100 -0.250100  1.0031745    
31.250000 81.250000 0.179300 0.923700 0.96145117    
43.750000 81.250000 1.534300 1.592300 0.96145117    
56.250000 81.250000 -0.584800 0.439400 0.96145129    
68.750000 81.250000 -2.495200 -0.774600  1.0920634    
81.250000 81.250000 -1.925600 -0.280100  1.1337867    
93.750000 81.250000 -1.322900 -0.786500  1.1337867    
6.250000 93.750000 -0.374300 -0.381900  1.1337867    
18.750000 93.750000 -0.775300 -0.084000  1.0031745    
31.250000 93.750000 -0.077800 0.472300 0.96145117    
43.750000 93.750000 -0.103900 0.711100 0.96145117    
56.250000 93.750000 0.213300 0.468000 0.96145129    
68.750000 93.750000 -0.881000 0.028100  1.0920634    
81.250000 93.750000 -1.073500 0.158200  1.1337867    
93.750000 93.750000 -0.543300 0.076700  1.1337867    
